0 info it worked if it ends with ok
1 verbose cli [ 'node',
1 verbose cli   '/usr/local/bin/npm',
1 verbose cli   'i',
1 verbose cli   'react-addons-css-transition-n-group',
1 verbose cli   '--save-dev' ]
2 info using npm@2.11.0
3 info using node@v0.10.25
4 verbose node symlink /usr/bin/node
5 verbose install initial load of /home/brenopolanski/Desktop/GitHub/my/labs/javascript/react/catch-of-the-day/17/package.json
6 warn package.json catch-of-the-day@1.0.0 No description
7 warn package.json catch-of-the-day@1.0.0 No repository field.
8 warn package.json catch-of-the-day@1.0.0 No README data
9 verbose installManyTop reading scoped package data from /home/brenopolanski/Desktop/GitHub/my/labs/javascript/react/catch-of-the-day/17/node_modules/autobind-decorator/package.json
10 verbose installManyTop reading scoped package data from /home/brenopolanski/Desktop/GitHub/my/labs/javascript/react/catch-of-the-day/17/node_modules/babel/package.json
11 verbose installManyTop reading scoped package data from /home/brenopolanski/Desktop/GitHub/my/labs/javascript/react/catch-of-the-day/17/node_modules/babelify/package.json
12 verbose installManyTop reading scoped package data from /home/brenopolanski/Desktop/GitHub/my/labs/javascript/react/catch-of-the-day/17/node_modules/browser-sync/package.json
13 verbose installManyTop reading scoped package data from /home/brenopolanski/Desktop/GitHub/my/labs/javascript/react/catch-of-the-day/17/node_modules/browserify/package.json
14 verbose installManyTop reading scoped package data from /home/brenopolanski/Desktop/GitHub/my/labs/javascript/react/catch-of-the-day/17/node_modules/connect-history-api-fallback/package.json
15 verbose installManyTop reading scoped package data from /home/brenopolanski/Desktop/GitHub/my/labs/javascript/react/catch-of-the-day/17/node_modules/firebase/package.json
16 verbose installManyTop reading scoped package data from /home/brenopolanski/Desktop/GitHub/my/labs/javascript/react/catch-of-the-day/17/node_modules/gulp/package.json
17 verbose installManyTop reading scoped package data from /home/brenopolanski/Desktop/GitHub/my/labs/javascript/react/catch-of-the-day/17/node_modules/gulp-autoprefixer/package.json
18 verbose installManyTop reading scoped package data from /home/brenopolanski/Desktop/GitHub/my/labs/javascript/react/catch-of-the-day/17/node_modules/gulp-notify/package.json
19 verbose installManyTop reading scoped package data from /home/brenopolanski/Desktop/GitHub/my/labs/javascript/react/catch-of-the-day/17/node_modules/gulp-rename/package.json
20 verbose installManyTop reading scoped package data from /home/brenopolanski/Desktop/GitHub/my/labs/javascript/react/catch-of-the-day/17/node_modules/gulp-stylus/package.json
21 verbose installManyTop reading scoped package data from /home/brenopolanski/Desktop/GitHub/my/labs/javascript/react/catch-of-the-day/17/node_modules/gulp-uglify/package.json
22 verbose installManyTop reading scoped package data from /home/brenopolanski/Desktop/GitHub/my/labs/javascript/react/catch-of-the-day/17/node_modules/gulp-util/package.json
23 verbose installManyTop reading scoped package data from /home/brenopolanski/Desktop/GitHub/my/labs/javascript/react/catch-of-the-day/17/node_modules/history/package.json
24 verbose installManyTop reading scoped package data from /home/brenopolanski/Desktop/GitHub/my/labs/javascript/react/catch-of-the-day/17/node_modules/install/package.json
25 verbose installManyTop reading scoped package data from /home/brenopolanski/Desktop/GitHub/my/labs/javascript/react/catch-of-the-day/17/node_modules/re-base/package.json
26 verbose installManyTop reading scoped package data from /home/brenopolanski/Desktop/GitHub/my/labs/javascript/react/catch-of-the-day/17/node_modules/react/package.json
27 verbose installManyTop reading scoped package data from /home/brenopolanski/Desktop/GitHub/my/labs/javascript/react/catch-of-the-day/17/node_modules/react-addons-css-transition-group/package.json
28 verbose installManyTop reading scoped package data from /home/brenopolanski/Desktop/GitHub/my/labs/javascript/react/catch-of-the-day/17/node_modules/react-catalyst/package.json
29 verbose installManyTop reading scoped package data from /home/brenopolanski/Desktop/GitHub/my/labs/javascript/react/catch-of-the-day/17/node_modules/react-dom/package.json
30 verbose installManyTop reading scoped package data from /home/brenopolanski/Desktop/GitHub/my/labs/javascript/react/catch-of-the-day/17/node_modules/react-mixin/package.json
31 verbose installManyTop reading scoped package data from /home/brenopolanski/Desktop/GitHub/my/labs/javascript/react/catch-of-the-day/17/node_modules/react-router/package.json
32 verbose installManyTop reading scoped package data from /home/brenopolanski/Desktop/GitHub/my/labs/javascript/react/catch-of-the-day/17/node_modules/vinyl-buffer/package.json
33 verbose installManyTop reading scoped package data from /home/brenopolanski/Desktop/GitHub/my/labs/javascript/react/catch-of-the-day/17/node_modules/vinyl-source-stream/package.json
34 verbose installManyTop reading scoped package data from /home/brenopolanski/Desktop/GitHub/my/labs/javascript/react/catch-of-the-day/17/node_modules/watchify/package.json
35 info package.json firebase@2.3.1 No license field.
36 info package.json autobind-decorator@1.3.2 No repository field.
37 info package.json install@0.1.8 No license field.
38 info package.json re-base@1.2.1 No license field.
39 info package.json react-addons-css-transition-group@0.14.0 No repository field.
40 info package.json react-catalyst@0.3.0 No license field.
41 info package.json gulp-rename@1.2.2 No license field.
42 info package.json gulp-notify@2.2.0 No license field.
43 verbose readDependencies loading dependencies from /home/brenopolanski/Desktop/GitHub/my/labs/javascript/react/catch-of-the-day/17/package.json
44 silly cache add args [ 'react-addons-css-transition-n-group', null ]
45 verbose cache add spec react-addons-css-transition-n-group
46 silly cache add parsed spec { raw: 'react-addons-css-transition-n-group',
46 silly cache add   scope: null,
46 silly cache add   name: 'react-addons-css-transition-n-group',
46 silly cache add   rawSpec: '',
46 silly cache add   spec: '*',
46 silly cache add   type: 'range' }
47 silly addNamed react-addons-css-transition-n-group@*
48 verbose addNamed "*" is a valid semver range for react-addons-css-transition-n-group
49 silly addNameRange { name: 'react-addons-css-transition-n-group',
49 silly addNameRange   range: '*',
49 silly addNameRange   hasData: false }
50 silly mapToRegistry name react-addons-css-transition-n-group
51 silly mapToRegistry using default registry
52 silly mapToRegistry registry https://registry.npmjs.org/
53 silly mapToRegistry uri https://registry.npmjs.org/react-addons-css-transition-n-group
54 verbose addNameRange registry:https://registry.npmjs.org/react-addons-css-transition-n-group not in flight; fetching
55 verbose request uri https://registry.npmjs.org/react-addons-css-transition-n-group
56 verbose request no auth needed
57 info attempt registry request try #1 at 18:07:47
58 verbose request using bearer token for auth
59 verbose request id ef30ffc70c0d434a
60 http request GET https://registry.npmjs.org/react-addons-css-transition-n-group
61 http 404 https://registry.npmjs.org/react-addons-css-transition-n-group
62 verbose headers { 'content-type': 'application/json',
62 verbose headers   'cache-control': 'max-age=0',
62 verbose headers   'content-length': '2',
62 verbose headers   'accept-ranges': 'bytes',
62 verbose headers   date: 'Wed, 30 Dec 2015 21:07:48 GMT',
62 verbose headers   via: '1.1 varnish',
62 verbose headers   connection: 'keep-alive',
62 verbose headers   'x-served-by': 'cache-jfk1031-JFK',
62 verbose headers   'x-cache': 'MISS',
62 verbose headers   'x-cache-hits': '0',
62 verbose headers   'x-timer': 'S1451509668.036019,VS0,VE20' }
63 silly get cb [ 404,
63 silly get   { 'content-type': 'application/json',
63 silly get     'cache-control': 'max-age=0',
63 silly get     'content-length': '2',
63 silly get     'accept-ranges': 'bytes',
63 silly get     date: 'Wed, 30 Dec 2015 21:07:48 GMT',
63 silly get     via: '1.1 varnish',
63 silly get     connection: 'keep-alive',
63 silly get     'x-served-by': 'cache-jfk1031-JFK',
63 silly get     'x-cache': 'MISS',
63 silly get     'x-cache-hits': '0',
63 silly get     'x-timer': 'S1451509668.036019,VS0,VE20' } ]
64 verbose stack Error: Registry returned 404 for GET on https://registry.npmjs.org/react-addons-css-transition-n-group
64 verbose stack     at CachingRegistryClient.<anonymous> (/usr/local/lib/node_modules/npm/node_modules/npm-registry-client/lib/request.js:239:14)
64 verbose stack     at Request._callback (/usr/local/lib/node_modules/npm/node_modules/npm-registry-client/lib/request.js:170:14)
64 verbose stack     at Request.self.callback (/usr/local/lib/node_modules/npm/node_modules/request/request.js:368:22)
64 verbose stack     at Request.EventEmitter.emit (events.js:98:17)
64 verbose stack     at Request.<anonymous> (/usr/local/lib/node_modules/npm/node_modules/request/request.js:1219:14)
64 verbose stack     at Request.EventEmitter.emit (events.js:117:20)
64 verbose stack     at IncomingMessage.<anonymous> (/usr/local/lib/node_modules/npm/node_modules/request/request.js:1167:12)
64 verbose stack     at IncomingMessage.EventEmitter.emit (events.js:117:20)
64 verbose stack     at _stream_readable.js:920:16
64 verbose stack     at process._tickCallback (node.js:415:13)
65 verbose statusCode 404
66 verbose pkgid react-addons-css-transition-n-group
67 verbose cwd /home/brenopolanski/Desktop/GitHub/my/labs/javascript/react/catch-of-the-day/17
68 error Linux 3.13.0-58-generic
69 error argv "node" "/usr/local/bin/npm" "i" "react-addons-css-transition-n-group" "--save-dev"
70 error node v0.10.25
71 error npm  v2.11.0
72 error code E404
73 error 404 Registry returned 404 for GET on https://registry.npmjs.org/react-addons-css-transition-n-group
73 error 404
73 error 404 'react-addons-css-transition-n-group' is not in the npm registry.
73 error 404 You should bug the author to publish it (or use the name yourself!)
73 error 404 It was specified as a dependency of 'catch-of-the-day'
73 error 404
73 error 404 Note that you can also install from a
73 error 404 tarball, folder, http url, or git url.
74 verbose exit [ 1, true ]
